<?xml version="1.0" encoding="UTF-8"?>
<!-- Generated by org.testng.reporters.JUnitReportReporter -->
<testsuite skipped="0" hostname="home-PC" name="scenario.AlertProgram" tests="1" failures="0" timestamp="24 Apr 2020 07:20:44 GMT" time="45.374" errors="0">
  <testcase name="f" time="45.374" classname="scenario.AlertProgram"/>
</testsuite> <!-- scenario.AlertProgram -->
